<?xml version="1.0" encoding="UTF-8"?>
<!-- Generated by org.testng.reporters.JUnitXMLReporter -->
<testsuite ignored="3" hostname="Production" failures="0" tests="1" name="CalcTests" time="0.005" errors="0" timestamp="2022-09-22T11:47:41 EDT">
  <testcase classname="com.yesm.maven.project.TestCalc" name="testAddInt" time="0.001"/>
  <testcase classname="com.yesm.maven.project.TestCalc" name="testSubtract" time="0.0">
    <ignored/>
  </testcase> <!-- testSubtract -->
  <testcase classname="com.yesm.maven.project.TestCalc" name="testMultiply" time="0.0">
    <ignored/>
  </testcase> <!-- testMultiply -->
  <testcase classname="com.yesm.maven.project.TestCalc" name="testAddFloat" time="0.0">
    <ignored/>
  </testcase> <!-- testAddFloat -->
</testsuite> <!-- CalcTests -->
