<?xml version="1.0" encoding="UTF-8"?>
<!-- Generated by org.testng.reporters.JUnitXMLReporter -->
<testsuite ignored="1" hostname="Production" failures="0" tests="1" name="GoolgeTests" time="13.363" errors="0" timestamp="2022-09-22T11:47:41 EDT">
  <testcase classname="com.yesm.maven.project.GoolgeTesting" name="goolgeTemperature" time="0.075"/>
  <testcase classname="com.yesm.maven.project.GoolgeTesting" name="goolgeCity" time="0.0">
    <ignored/>
  </testcase> <!-- goolgeCity -->
</testsuite> <!-- GoolgeTests -->
